<?xml version="1.0" encoding="UTF-8"?>
<!-- Generated by org.testng.reporters.JUnitReportReporter -->
<testsuite hostname="DESKTOP-LLUBDUR" name="Test.demo1" tests="1" failures="0" timestamp="31 Mar 2019 12:26:29 GMT" time="0.032" errors="0">
  <testcase name="firstTestng" time="0.032" classname="Test.demo1"/>
</testsuite> <!-- Test.demo1 -->
